<?xml version="1.0" encoding="UTF-8"?>
<!-- Generated by org.testng.reporters.JUnitReportReporter -->
<testsuite hostname="DESKTOP-FKRNN9J" failures="0" tests="2" name="testcases.logintest" time="21.923" errors="0" timestamp="2023-02-19T15:41:45 IST" skipped="0">
  <testcase classname="testcases.logintest" name="logintoapplication" time="8.604"/>
  <system-out/>
  <testcase classname="testcases.logintest" name="logintoapplication" time="13.319"/>
  <system-out/>
</testsuite> <!-- testcases.logintest -->
